Analysis & Synthesis report for top_level_vhd
Fri Nov 30 10:32:25 2018
Quartus II Version 9.1 Build 222 10/21/2009 SJ Web Edition


---------------------
; Table of Contents ;
---------------------
  1. Legal Notice
  2. Analysis & Synthesis Summary
  3. Analysis & Synthesis Settings
  4. Parallel Compilation
  5. Analysis & Synthesis Source Files Read
  6. Analysis & Synthesis Resource Usage Summary
  7. Analysis & Synthesis Resource Utilization by Entity
  8. Registers Removed During Synthesis
  9. Removed Registers Triggering Further Register Optimizations
 10. General Register Statistics
 11. Inverted Register Statistics
 12. Multiplexer Restructuring Statistics (Restructuring Performed)
 13. Parameter Settings for Inferred Entity Instance: display_vhd:module_vga|color_rom_vhd:color_rom0|lpm_divide:Div0
 14. Port Connectivity Checks: "display_vhd:module_vga|color_rom_vhd:color_rom0"
 15. Port Connectivity Checks: "display_vhd:module_vga|vga:vga_driver0"
 16. Port Connectivity Checks: "display_vhd:module_vga"
 17. Analysis & Synthesis Messages



----------------
; Legal Notice ;
----------------
Copyright (C) 1991-2009 Altera Corporation
Your use of Altera Corporation's design tools, logic functions 
and other software and tools, and its AMPP partner logic 
functions, and any output files from any of the foregoing 
(including device programming or simulation files), and any 
associated documentation or information are expressly subject 
to the terms and conditions of the Altera Program License 
Subscription Agreement, Altera MegaCore Function License 
Agreement, or other applicable license agreement, including, 
without limitation, that your use is for the sole purpose of 
programming logic devices manufactured by Altera and sold by 
Altera or its authorized distributors.  Please refer to the 
applicable agreement for further details.



+------------------------------------------------------------------------------+
; Analysis & Synthesis Summary                                                 ;
+------------------------------------+-----------------------------------------+
; Analysis & Synthesis Status        ; Successful - Fri Nov 30 10:32:25 2018   ;
; Quartus II Version                 ; 9.1 Build 222 10/21/2009 SJ Web Edition ;
; Revision Name                      ; top_level_vhd                           ;
; Top-level Entity Name              ; top_level_vhd                           ;
; Family                             ; Cyclone II                              ;
; Total logic elements               ; 1,632                                   ;
;     Total combinational functions  ; 1,613                                   ;
;     Dedicated logic registers      ; 315                                     ;
; Total registers                    ; 315                                     ;
; Total pins                         ; 89                                      ;
; Total virtual pins                 ; 0                                       ;
; Total memory bits                  ; 0                                       ;
; Embedded Multiplier 9-bit elements ; 0                                       ;
; Total PLLs                         ; 0                                       ;
+------------------------------------+-----------------------------------------+


+----------------------------------------------------------------------------------------------------------------------+
; Analysis & Synthesis Settings                                                                                        ;
+----------------------------------------------------------------------------+--------------------+--------------------+
; Option                                                                     ; Setting            ; Default Value      ;
+----------------------------------------------------------------------------+--------------------+--------------------+
; Device                                                                     ; EP2C20F484C7       ;                    ;
; Top-level entity name                                                      ; top_level_vhd      ; top_level_vhd      ;
; Family name                                                                ; Cyclone II         ; Stratix II         ;
; Use Generated Physical Constraints File                                    ; Off                ;                    ;
; Use smart compilation                                                      ; Off                ; Off                ;
; Enable parallel Assembler and TimeQuest Timing Analyzer during compilation ; On                 ; On                 ;
; Enable compact report table                                                ; Off                ; Off                ;
; Restructure Multiplexers                                                   ; Auto               ; Auto               ;
; Create Debugging Nodes for IP Cores                                        ; Off                ; Off                ;
; Preserve fewer node names                                                  ; On                 ; On                 ;
; Disable OpenCore Plus hardware evaluation                                  ; Off                ; Off                ;
; Verilog Version                                                            ; Verilog_2001       ; Verilog_2001       ;
; VHDL Version                                                               ; VHDL_1993          ; VHDL_1993          ;
; State Machine Processing                                                   ; Auto               ; Auto               ;
; Safe State Machine                                                         ; Off                ; Off                ;
; Extract Verilog State Machines                                             ; On                 ; On                 ;
; Extract VHDL State Machines                                                ; On                 ; On                 ;
; Ignore Verilog initial constructs                                          ; Off                ; Off                ;
; Iteration limit for constant Verilog loops                                 ; 5000               ; 5000               ;
; Iteration limit for non-constant Verilog loops                             ; 250                ; 250                ;
; Add Pass-Through Logic to Inferred RAMs                                    ; On                 ; On                 ;
; Parallel Synthesis                                                         ; On                 ; On                 ;
; DSP Block Balancing                                                        ; Auto               ; Auto               ;
; NOT Gate Push-Back                                                         ; On                 ; On                 ;
; Power-Up Don't Care                                                        ; On                 ; On                 ;
; Remove Redundant Logic Cells                                               ; Off                ; Off                ;
; Remove Duplicate Registers                                                 ; On                 ; On                 ;
; Ignore CARRY Buffers                                                       ; Off                ; Off                ;
; Ignore CASCADE Buffers                                                     ; Off                ; Off                ;
; Ignore GLOBAL Buffers                                                      ; Off                ; Off                ;
; Ignore ROW GLOBAL Buffers                                                  ; Off                ; Off                ;
; Ignore LCELL Buffers                                                       ; Off                ; Off                ;
; Ignore SOFT Buffers                                                        ; On                 ; On                 ;
; Limit AHDL Integers to 32 Bits                                             ; Off                ; Off                ;
; Optimization Technique                                                     ; Balanced           ; Balanced           ;
; Carry Chain Length                                                         ; 70                 ; 70                 ;
; Auto Carry Chains                                                          ; On                 ; On                 ;
; Auto Open-Drain Pins                                                       ; On                 ; On                 ;
; Perform WYSIWYG Primitive Resynthesis                                      ; Off                ; Off                ;
; Auto ROM Replacement                                                       ; On                 ; On                 ;
; Auto RAM Replacement                                                       ; On                 ; On                 ;
; Auto Shift Register Replacement                                            ; Auto               ; Auto               ;
; Auto Clock Enable Replacement                                              ; On                 ; On                 ;
; Strict RAM Replacement                                                     ; Off                ; Off                ;
; Allow Synchronous Control Signals                                          ; On                 ; On                 ;
; Force Use of Synchronous Clear Signals                                     ; Off                ; Off                ;
; Auto RAM to Logic Cell Conversion                                          ; Off                ; Off                ;
; Auto Resource Sharing                                                      ; Off                ; Off                ;
; Allow Any RAM Size For Recognition                                         ; Off                ; Off                ;
; Allow Any ROM Size For Recognition                                         ; Off                ; Off                ;
; Allow Any Shift Register Size For Recognition                              ; Off                ; Off                ;
; Use LogicLock Constraints during Resource Balancing                        ; On                 ; On                 ;
; Ignore translate_off and synthesis_off directives                          ; Off                ; Off                ;
; Timing-Driven Synthesis                                                    ; Off                ; Off                ;
; Show Parameter Settings Tables in Synthesis Report                         ; On                 ; On                 ;
; Ignore Maximum Fan-Out Assignments                                         ; Off                ; Off                ;
; Synchronization Register Chain Length                                      ; 2                  ; 2                  ;
; PowerPlay Power Optimization                                               ; Normal compilation ; Normal compilation ;
; HDL message level                                                          ; Level2             ; Level2             ;
; Suppress Register Optimization Related Messages                            ; Off                ; Off                ;
; Number of Removed Registers Reported in Synthesis Report                   ; 100                ; 100                ;
; Number of Inverted Registers Reported in Synthesis Report                  ; 100                ; 100                ;
; Clock MUX Protection                                                       ; On                 ; On                 ;
; Auto Gated Clock Conversion                                                ; Off                ; Off                ;
; Block Design Naming                                                        ; Auto               ; Auto               ;
; SDC constraint protection                                                  ; Off                ; Off                ;
; Synthesis Effort                                                           ; Auto               ; Auto               ;
; Shift Register Replacement - Allow Asynchronous Clear Signal               ; On                 ; On                 ;
; Analysis & Synthesis Message Level                                         ; Medium             ; Medium             ;
; Disable Register Merging Across Hierarchies                                ; Auto               ; Auto               ;
; Resource Aware Inference For Block RAM                                     ; On                 ; On                 ;
+----------------------------------------------------------------------------+--------------------+--------------------+


Parallel compilation was disabled, but you have multiple processors available. Enable parallel compilation to reduce compilation time.
+-------------------------------------+
; Parallel Compilation                ;
+----------------------------+--------+
; Processors                 ; Number ;
+----------------------------+--------+
; Number detected on machine ; 2      ;
; Maximum allowed            ; 1      ;
+----------------------------+--------+


+-------------------------------------------------------------------------------------------------------------------------------------------------------------+
; Analysis & Synthesis Source Files Read                                                                                                                      ;
+----------------------------------+-----------------+------------------------------+-------------------------------------------------------------------------+
; File Name with User-Entered Path ; Used in Netlist ; File Type                    ; File Name with Absolute Path                                            ;
+----------------------------------+-----------------+------------------------------+-------------------------------------------------------------------------+
; color_rom_vhd.vhd                ; yes             ; User VHDL File               ; D:/Ardian S/Desktop/Tugas Besar Prak SISDIG v2.5/color_rom_vhd.vhd      ;
; display_vhd.vhd                  ; yes             ; User VHDL File               ; D:/Ardian S/Desktop/Tugas Besar Prak SISDIG v2.5/display_vhd.vhd        ;
; top_level_vhd.vhd                ; yes             ; User VHDL File               ; D:/Ardian S/Desktop/Tugas Besar Prak SISDIG v2.5/top_level_vhd.vhd      ;
; vga.vhd                          ; yes             ; User VHDL File               ; D:/Ardian S/Desktop/Tugas Besar Prak SISDIG v2.5/vga.vhd                ;
; bcd.vhd                          ; yes             ; User VHDL File               ; D:/Ardian S/Desktop/Tugas Besar Prak SISDIG v2.5/bcd.vhd                ;
; lpm_divide.tdf                   ; yes             ; Megafunction                 ; c:/altera/91/quartus/libraries/megafunctions/lpm_divide.tdf             ;
; db/lpm_divide_6so.tdf            ; yes             ; Auto-Generated Megafunction  ; D:/Ardian S/Desktop/Tugas Besar Prak SISDIG v2.5/db/lpm_divide_6so.tdf  ;
; db/abs_divider_jbg.tdf           ; yes             ; Auto-Generated Megafunction  ; D:/Ardian S/Desktop/Tugas Besar Prak SISDIG v2.5/db/abs_divider_jbg.tdf ;
; db/alt_u_div_i2f.tdf             ; yes             ; Auto-Generated Megafunction  ; D:/Ardian S/Desktop/Tugas Besar Prak SISDIG v2.5/db/alt_u_div_i2f.tdf   ;
; db/add_sub_lkc.tdf               ; yes             ; Auto-Generated Megafunction  ; D:/Ardian S/Desktop/Tugas Besar Prak SISDIG v2.5/db/add_sub_lkc.tdf     ;
; db/add_sub_mkc.tdf               ; yes             ; Auto-Generated Megafunction  ; D:/Ardian S/Desktop/Tugas Besar Prak SISDIG v2.5/db/add_sub_mkc.tdf     ;
; db/lpm_abs_fq9.tdf               ; yes             ; Auto-Generated Megafunction  ; D:/Ardian S/Desktop/Tugas Besar Prak SISDIG v2.5/db/lpm_abs_fq9.tdf     ;
; db/lpm_abs_0s9.tdf               ; yes             ; Auto-Generated Megafunction  ; D:/Ardian S/Desktop/Tugas Besar Prak SISDIG v2.5/db/lpm_abs_0s9.tdf     ;
+----------------------------------+-----------------+------------------------------+-------------------------------------------------------------------------+


+--------------------------------------------------------+
; Analysis & Synthesis Resource Usage Summary            ;
+---------------------------------------------+----------+
; Resource                                    ; Usage    ;
+---------------------------------------------+----------+
; Estimated Total logic elements              ; 1,632    ;
;                                             ;          ;
; Total combinational functions               ; 1613     ;
; Logic element usage by number of LUT inputs ;          ;
;     -- 4 input functions                    ; 555      ;
;     -- 3 input functions                    ; 502      ;
;     -- <=2 input functions                  ; 556      ;
;                                             ;          ;
; Logic elements by mode                      ;          ;
;     -- normal mode                          ; 1011     ;
;     -- arithmetic mode                      ; 602      ;
;                                             ;          ;
; Total registers                             ; 315      ;
;     -- Dedicated logic registers            ; 315      ;
;     -- I/O registers                        ; 0        ;
;                                             ;          ;
; I/O pins                                    ; 89       ;
; Maximum fan-out node                        ; CLOCK_50 ;
; Maximum fan-out                             ; 272      ;
; Total fan-out                               ; 5586     ;
; Average fan-out                             ; 2.77     ;
+---------------------------------------------+----------+


+--------------------------------------------------------------------------------------------------------------------------------------------------------------------------------------------------------------------------------------------------------------------------------------------------------------------------------------+
; Analysis & Synthesis Resource Utilization by Entity                                                                                                                                                                                                                                                                                  ;
+---------------------------------------------+-------------------+--------------+-------------+--------------+---------+-----------+------+--------------+-------------------------------------------------------------------------------------------------------------------------------------------------------------+--------------+
; Compilation Hierarchy Node                  ; LC Combinationals ; LC Registers ; Memory Bits ; DSP Elements ; DSP 9x9 ; DSP 18x18 ; Pins ; Virtual Pins ; Full Hierarchy Name                                                                                                                                         ; Library Name ;
+---------------------------------------------+-------------------+--------------+-------------+--------------+---------+-----------+------+--------------+-------------------------------------------------------------------------------------------------------------------------------------------------------------+--------------+
; |top_level_vhd                              ; 1613 (0)          ; 315 (0)      ; 0           ; 0            ; 0       ; 0         ; 89   ; 0            ; |top_level_vhd                                                                                                                                              ; work         ;
;    |display_vhd:module_vga|                 ; 1613 (3)          ; 315 (0)      ; 0           ; 0            ; 0       ; 0         ; 0    ; 0            ; |top_level_vhd|display_vhd:module_vga                                                                                                                       ;              ;
;       |color_rom_vhd:color_rom0|            ; 1566 (1067)       ; 271 (271)    ; 0           ; 0            ; 0       ; 0         ; 0    ; 0            ; |top_level_vhd|display_vhd:module_vga|color_rom_vhd:color_rom0                                                                                              ;              ;
;          |lpm_divide:Div0|                  ; 499 (0)           ; 0 (0)        ; 0           ; 0            ; 0       ; 0         ; 0    ; 0            ; |top_level_vhd|display_vhd:module_vga|color_rom_vhd:color_rom0|lpm_divide:Div0                                                                              ;              ;
;             |lpm_divide_6so:auto_generated| ; 499 (0)           ; 0 (0)        ; 0           ; 0            ; 0       ; 0         ; 0    ; 0            ; |top_level_vhd|display_vhd:module_vga|color_rom_vhd:color_rom0|lpm_divide:Div0|lpm_divide_6so:auto_generated                                                ;              ;
;                |abs_divider_jbg:divider|    ; 499 (64)          ; 0 (0)        ; 0           ; 0            ; 0       ; 0         ; 0    ; 0            ; |top_level_vhd|display_vhd:module_vga|color_rom_vhd:color_rom0|lpm_divide:Div0|lpm_divide_6so:auto_generated|abs_divider_jbg:divider                        ;              ;
;                   |alt_u_div_i2f:divider|   ; 403 (403)         ; 0 (0)        ; 0           ; 0            ; 0       ; 0         ; 0    ; 0            ; |top_level_vhd|display_vhd:module_vga|color_rom_vhd:color_rom0|lpm_divide:Div0|lpm_divide_6so:auto_generated|abs_divider_jbg:divider|alt_u_div_i2f:divider  ;              ;
;                   |lpm_abs_0s9:my_abs_num|  ; 32 (32)           ; 0 (0)        ; 0           ; 0            ; 0       ; 0         ; 0    ; 0            ; |top_level_vhd|display_vhd:module_vga|color_rom_vhd:color_rom0|lpm_divide:Div0|lpm_divide_6so:auto_generated|abs_divider_jbg:divider|lpm_abs_0s9:my_abs_num ;              ;
;       |vga:vga_driver0|                     ; 44 (44)           ; 44 (44)      ; 0           ; 0            ; 0       ; 0         ; 0    ; 0            ; |top_level_vhd|display_vhd:module_vga|vga:vga_driver0                                                                                                       ;              ;
+---------------------------------------------+-------------------+--------------+-------------+--------------+---------+-----------+------+--------------+-------------------------------------------------------------------------------------------------------------------------------------------------------------+--------------+
Note: For table entries with two numbers listed, the numbers in parentheses indicate the number of resources of the given type used by the specific entity alone. The numbers listed outside of parentheses indicate the total resources of the given type used by the specific entity and all of its sub-entities in the hierarchy.


+----------------------------------------------------------------------------------------------------------------------------------------------------------+
; Registers Removed During Synthesis                                                                                                                       ;
+-------------------------------------------------------------------------+--------------------------------------------------------------------------------+
; Register name                                                           ; Reason for Removal                                                             ;
+-------------------------------------------------------------------------+--------------------------------------------------------------------------------+
; display_vhd:module_vga|color_rom_vhd:color_rom0|o_red[2..6]             ; Merged with display_vhd:module_vga|color_rom_vhd:color_rom0|o_red[7]           ;
; display_vhd:module_vga|color_rom_vhd:color_rom0|o_green[2..6]           ; Merged with display_vhd:module_vga|color_rom_vhd:color_rom0|o_green[7]         ;
; display_vhd:module_vga|color_rom_vhd:color_rom0|o_blue[2..6]            ; Merged with display_vhd:module_vga|color_rom_vhd:color_rom0|o_blue[7]          ;
; display_vhd:module_vga|color_rom_vhd:color_rom0|loncat[2..31]           ; Merged with display_vhd:module_vga|color_rom_vhd:color_rom0|loncat[1]          ;
; display_vhd:module_vga|color_rom_vhd:color_rom0|KANAN_KOTAK[1,6,9]      ; Merged with display_vhd:module_vga|color_rom_vhd:color_rom0|KANAN_KOTAK[0]     ;
; display_vhd:module_vga|color_rom_vhd:color_rom0|KANAN_KOTAK[3..5]       ; Merged with display_vhd:module_vga|color_rom_vhd:color_rom0|KANAN_KOTAK[2]     ;
; display_vhd:module_vga|color_rom_vhd:color_rom0|KIRI_KOTAK[31]          ; Merged with display_vhd:module_vga|color_rom_vhd:color_rom0|KANAN_KOTAK[7]     ;
; display_vhd:module_vga|color_rom_vhd:color_rom0|KANAN_KOTAK[8,10..31]   ; Merged with display_vhd:module_vga|color_rom_vhd:color_rom0|KANAN_KOTAK[7]     ;
; display_vhd:module_vga|color_rom_vhd:color_rom0|KIRI_KOTAK[0,2,4..30]   ; Merged with display_vhd:module_vga|color_rom_vhd:color_rom0|KANAN_KOTAK[7]     ;
; display_vhd:module_vga|color_rom_vhd:color_rom0|KIRI_KOTAK[3]           ; Merged with display_vhd:module_vga|color_rom_vhd:color_rom0|KIRI_KOTAK[1]      ;
; display_vhd:module_vga|color_rom_vhd:color_rom0|KANAN_POIN[0]           ; Stuck at GND due to stuck port data_in                                         ;
; display_vhd:module_vga|color_rom_vhd:color_rom0|KIRI_RINTANGAN[31]      ; Stuck at GND due to stuck port data_in                                         ;
; display_vhd:module_vga|color_rom_vhd:color_rom0|ATAS_KOTAK[31]          ; Stuck at GND due to stuck port data_in                                         ;
; display_vhd:module_vga|color_rom_vhd:color_rom0|KIRI_RINTANGAN[0]       ; Merged with display_vhd:module_vga|color_rom_vhd:color_rom0|KANAN_RINTANGAN[0] ;
; display_vhd:module_vga|color_rom_vhd:color_rom0|ATAS_KOTAK[0]           ; Merged with display_vhd:module_vga|color_rom_vhd:color_rom0|BAWAH_KOTAK[0]     ;
; display_vhd:module_vga|color_rom_vhd:color_rom0|ATAS_RINTANGAN[31]      ; Stuck at GND due to stuck port data_in                                         ;
; display_vhd:module_vga|color_rom_vhd:color_rom0|loncat[1]               ; Stuck at GND due to stuck port data_in                                         ;
; display_vhd:module_vga|vga:vga_driver0|o_pixel_row[9]                   ; Stuck at GND due to stuck port data_in                                         ;
; display_vhd:module_vga|color_rom_vhd:color_rom0|KANAN_KOTAK[7]          ; Stuck at GND due to stuck port data_in                                         ;
; display_vhd:module_vga|color_rom_vhd:color_rom0|KANAN_KOTAK[2]          ; Stuck at VCC due to stuck port data_in                                         ;
; display_vhd:module_vga|color_rom_vhd:color_rom0|KANAN_RINTANGAN[11..31] ; Lost fanout                                                                    ;
; Total Number of Removed Registers = 136                                 ;                                                                                ;
+-------------------------------------------------------------------------+--------------------------------------------------------------------------------+


+----------------------------------------------------------------------------------------------------------------------------------------------------------------------+
; Removed Registers Triggering Further Register Optimizations                                                                                                          ;
+--------------------------------------------------------------------+---------------------------+---------------------------------------------------------------------+
; Register name                                                      ; Reason for Removal        ; Registers Removed due to This Register                              ;
+--------------------------------------------------------------------+---------------------------+---------------------------------------------------------------------+
; display_vhd:module_vga|color_rom_vhd:color_rom0|KIRI_RINTANGAN[31] ; Stuck at GND              ; display_vhd:module_vga|color_rom_vhd:color_rom0|KANAN_RINTANGAN[31] ;
;                                                                    ; due to stuck port data_in ;                                                                     ;
+--------------------------------------------------------------------+---------------------------+---------------------------------------------------------------------+


+------------------------------------------------------+
; General Register Statistics                          ;
+----------------------------------------------+-------+
; Statistic                                    ; Value ;
+----------------------------------------------+-------+
; Total registers                              ; 315   ;
; Number of registers using Synchronous Clear  ; 63    ;
; Number of registers using Synchronous Load   ; 21    ;
; Number of registers using Asynchronous Clear ; 0     ;
; Number of registers using Asynchronous Load  ; 0     ;
; Number of registers using Clock Enable       ; 92    ;
; Number of registers using Preset             ; 0     ;
+----------------------------------------------+-------+


+------------------------------------------------------------------------------+
; Inverted Register Statistics                                                 ;
+--------------------------------------------------------------------+---------+
; Inverted Register                                                  ; Fan out ;
+--------------------------------------------------------------------+---------+
; display_vhd:module_vga|color_rom_vhd:color_rom0|BAWAH_KOTAK[7]     ; 3       ;
; display_vhd:module_vga|color_rom_vhd:color_rom0|BAWAH_KOTAK[6]     ; 3       ;
; display_vhd:module_vga|color_rom_vhd:color_rom0|BAWAH_KOTAK[2]     ; 2       ;
; display_vhd:module_vga|color_rom_vhd:color_rom0|BAWAH_KOTAK[1]     ; 3       ;
; display_vhd:module_vga|color_rom_vhd:color_rom0|BAWAH_KOTAK[0]     ; 2       ;
; display_vhd:module_vga|color_rom_vhd:color_rom0|ATAS_KOTAK[7]      ; 3       ;
; display_vhd:module_vga|color_rom_vhd:color_rom0|ATAS_KOTAK[4]      ; 1       ;
; display_vhd:module_vga|color_rom_vhd:color_rom0|ATAS_KOTAK[2]      ; 2       ;
; display_vhd:module_vga|color_rom_vhd:color_rom0|KIRI_RINTANGAN[8]  ; 2       ;
; display_vhd:module_vga|color_rom_vhd:color_rom0|KIRI_RINTANGAN[7]  ; 2       ;
; display_vhd:module_vga|color_rom_vhd:color_rom0|KIRI_RINTANGAN[6]  ; 2       ;
; display_vhd:module_vga|color_rom_vhd:color_rom0|KIRI_RINTANGAN[5]  ; 2       ;
; display_vhd:module_vga|color_rom_vhd:color_rom0|KIRI_RINTANGAN[4]  ; 2       ;
; display_vhd:module_vga|color_rom_vhd:color_rom0|KIRI_RINTANGAN[2]  ; 2       ;
; display_vhd:module_vga|color_rom_vhd:color_rom0|KANAN_POIN[1]      ; 3       ;
; display_vhd:module_vga|color_rom_vhd:color_rom0|ATAS_RINTANGAN[7]  ; 4       ;
; display_vhd:module_vga|color_rom_vhd:color_rom0|ATAS_RINTANGAN[5]  ; 4       ;
; display_vhd:module_vga|color_rom_vhd:color_rom0|ATAS_RINTANGAN[4]  ; 4       ;
; display_vhd:module_vga|color_rom_vhd:color_rom0|ATAS_RINTANGAN[3]  ; 4       ;
; display_vhd:module_vga|color_rom_vhd:color_rom0|ATAS_RINTANGAN[2]  ; 4       ;
; display_vhd:module_vga|color_rom_vhd:color_rom0|ATAS_RINTANGAN[1]  ; 3       ;
; display_vhd:module_vga|color_rom_vhd:color_rom0|KIRI_KOTAK[1]      ; 1       ;
; display_vhd:module_vga|color_rom_vhd:color_rom0|KANAN_RINTANGAN[9] ; 2       ;
; display_vhd:module_vga|color_rom_vhd:color_rom0|KANAN_RINTANGAN[6] ; 2       ;
; display_vhd:module_vga|color_rom_vhd:color_rom0|KANAN_RINTANGAN[2] ; 2       ;
; Total number of inverted registers = 25                            ;         ;
+--------------------------------------------------------------------+---------+


+--------------------------------------------------------------------------------------------------------------------------------------------------------------------------------------------------+
; Multiplexer Restructuring Statistics (Restructuring Performed)                                                                                                                                   ;
+--------------------+-----------+---------------+----------------------+------------------------+------------+------------------------------------------------------------------------------------+
; Multiplexer Inputs ; Bus Width ; Baseline Area ; Area if Restructured ; Saving if Restructured ; Registered ; Example Multiplexer Output                                                         ;
+--------------------+-----------+---------------+----------------------+------------------------+------------+------------------------------------------------------------------------------------+
; 3:1                ; 3 bits    ; 6 LEs         ; 6 LEs                ; 0 LEs                  ; Yes        ; |top_level_vhd|display_vhd:module_vga|color_rom_vhd:color_rom0|o_red[7]            ;
; 3:1                ; 2 bits    ; 4 LEs         ; 2 LEs                ; 2 LEs                  ; Yes        ; |top_level_vhd|display_vhd:module_vga|color_rom_vhd:color_rom0|loncat[0]           ;
; 3:1                ; 32 bits   ; 64 LEs        ; 64 LEs               ; 0 LEs                  ; Yes        ; |top_level_vhd|display_vhd:module_vga|color_rom_vhd:color_rom0|conR[11]            ;
; 4:1                ; 20 bits   ; 40 LEs        ; 20 LEs               ; 20 LEs                 ; Yes        ; |top_level_vhd|display_vhd:module_vga|color_rom_vhd:color_rom0|KIRI_RINTANGAN[24]  ;
; 4:1                ; 21 bits   ; 42 LEs        ; 42 LEs               ; 0 LEs                  ; Yes        ; |top_level_vhd|display_vhd:module_vga|color_rom_vhd:color_rom0|BAWAH_KOTAK[30]     ;
; 5:1                ; 21 bits   ; 63 LEs        ; 21 LEs               ; 42 LEs                 ; Yes        ; |top_level_vhd|display_vhd:module_vga|color_rom_vhd:color_rom0|KANAN_RINTANGAN[22] ;
; 9:1                ; 20 bits   ; 120 LEs       ; 40 LEs               ; 80 LEs                 ; Yes        ; |top_level_vhd|display_vhd:module_vga|color_rom_vhd:color_rom0|ATAS_KOTAK[11]      ;
; 3:1                ; 32 bits   ; 64 LEs        ; 32 LEs               ; 32 LEs                 ; No         ; |top_level_vhd|display_vhd:module_vga|color_rom_vhd:color_rom0|BAWAH_KOTAK         ;
; 3:1                ; 2 bits    ; 4 LEs         ; 4 LEs                ; 0 LEs                  ; No         ; |top_level_vhd|display_vhd:module_vga|color_rom_vhd:color_rom0|ATAS_RINTANGAN      ;
; 4:1                ; 25 bits   ; 50 LEs        ; 50 LEs               ; 0 LEs                  ; No         ; |top_level_vhd|display_vhd:module_vga|color_rom_vhd:color_rom0|KANAN_POIN          ;
; 4:1                ; 32 bits   ; 64 LEs        ; 64 LEs               ; 0 LEs                  ; No         ; |top_level_vhd|display_vhd:module_vga|color_rom_vhd:color_rom0|BAWAH_KOTAK         ;
; 4:1                ; 3 bits    ; 6 LEs         ; 3 LEs                ; 3 LEs                  ; No         ; |top_level_vhd|display_vhd:module_vga|color_rom_vhd:color_rom0|KANAN_KOTAK         ;
; 4:1                ; 22 bits   ; 44 LEs        ; 44 LEs               ; 0 LEs                  ; No         ; |top_level_vhd|display_vhd:module_vga|color_rom_vhd:color_rom0|BAWAH_KOTAK         ;
; 5:1                ; 5 bits    ; 15 LEs        ; 10 LEs               ; 5 LEs                  ; No         ; |top_level_vhd|display_vhd:module_vga|color_rom_vhd:color_rom0|KANAN_POIN          ;
; 5:1                ; 11 bits   ; 33 LEs        ; 33 LEs               ; 0 LEs                  ; No         ; |top_level_vhd|display_vhd:module_vga|color_rom_vhd:color_rom0|KANAN_RINTANGAN     ;
; 9:1                ; 11 bits   ; 66 LEs        ; 44 LEs               ; 22 LEs                 ; No         ; |top_level_vhd|display_vhd:module_vga|color_rom_vhd:color_rom0|ATAS_KOTAK          ;
+--------------------+-----------+---------------+----------------------+------------------------+------------+------------------------------------------------------------------------------------+


+------------------------------------------------------------------------------------------------------------------+
; Parameter Settings for Inferred Entity Instance: display_vhd:module_vga|color_rom_vhd:color_rom0|lpm_divide:Div0 ;
+------------------------+----------------+------------------------------------------------------------------------+
; Parameter Name         ; Value          ; Type                                                                   ;
+------------------------+----------------+------------------------------------------------------------------------+
; LPM_WIDTHN             ; 32             ; Untyped                                                                ;
; LPM_WIDTHD             ; 4              ; Untyped                                                                ;
; LPM_NREPRESENTATION    ; SIGNED         ; Untyped                                                                ;
; LPM_DREPRESENTATION    ; SIGNED         ; Untyped                                                                ;
; LPM_PIPELINE           ; 0              ; Untyped                                                                ;
; LPM_REMAINDERPOSITIVE  ; FALSE          ; Untyped                                                                ;
; MAXIMIZE_SPEED         ; 5              ; Untyped                                                                ;
; CBXI_PARAMETER         ; lpm_divide_6so ; Untyped                                                                ;
; CARRY_CHAIN            ; MANUAL         ; Untyped                                                                ;
; OPTIMIZE_FOR_SPEED     ; 5              ; Untyped                                                                ;
; AUTO_CARRY_CHAINS      ; ON             ; AUTO_CARRY                                                             ;
; IGNORE_CARRY_BUFFERS   ; OFF            ; IGNORE_CARRY                                                           ;
; AUTO_CASCADE_CHAINS    ; ON             ; AUTO_CASCADE                                                           ;
; IGNORE_CASCADE_BUFFERS ; OFF            ; IGNORE_CASCADE                                                         ;
+------------------------+----------------+------------------------------------------------------------------------+
Note: In order to hide this table in the UI and the text report file, please set the "Show Parameter Settings Tables in Synthesis Report" option in "Analysis and Synthesis Settings -> More Settings" to "Off".


+-------------------------------------------------------------------------------------------------------------------------+
; Port Connectivity Checks: "display_vhd:module_vga|color_rom_vhd:color_rom0"                                             ;
+---------------+--------+----------+-------------------------------------------------------------------------------------+
; Port          ; Type   ; Severity ; Details                                                                             ;
+---------------+--------+----------+-------------------------------------------------------------------------------------+
; o_red[1..0]   ; Output ; Info     ; Connected to dangling logic. Logic that only feeds a dangling port will be removed. ;
; o_green[1..0] ; Output ; Info     ; Connected to dangling logic. Logic that only feeds a dangling port will be removed. ;
; o_blue[1..0]  ; Output ; Info     ; Connected to dangling logic. Logic that only feeds a dangling port will be removed. ;
+---------------+--------+----------+-------------------------------------------------------------------------------------+


+--------------------------------------------------------------------+
; Port Connectivity Checks: "display_vhd:module_vga|vga:vga_driver0" ;
+---------+-------+----------+---------------------------------------+
; Port    ; Type  ; Severity ; Details                               ;
+---------+-------+----------+---------------------------------------+
; i_red   ; Input ; Info     ; Stuck at VCC                          ;
; i_green ; Input ; Info     ; Stuck at VCC                          ;
; i_blue  ; Input ; Info     ; Stuck at VCC                          ;
+---------+-------+----------+---------------------------------------+


+----------------------------------------------------+
; Port Connectivity Checks: "display_vhd:module_vga" ;
+--------+-------+----------+------------------------+
; Port   ; Type  ; Severity ; Details                ;
+--------+-------+----------+------------------------+
; i_m_us ; Input ; Info     ; Stuck at VCC           ;
; i_k_us ; Input ; Info     ; Stuck at VCC           ;
+--------+-------+----------+------------------------+


+-------------------------------+
; Analysis & Synthesis Messages ;
+-------------------------------+
Info: *******************************************************************
Info: Running Quartus II Analysis & Synthesis
    Info: Version 9.1 Build 222 10/21/2009 SJ Web Edition
    Info: Processing started: Fri Nov 30 10:32:16 2018
Info: Command: quartus_map --read_settings_files=on --write_settings_files=off top_level_vhd -c top_level_vhd
Info: Found 2 design units, including 1 entities, in source file color_rom_vhd.vhd
    Info: Found design unit 1: color_rom_vhd-behavioral
    Info: Found entity 1: color_rom_vhd
Info: Found 2 design units, including 1 entities, in source file display_vhd.vhd
    Info: Found design unit 1: display_vhd-behavioral
    Info: Found entity 1: display_vhd
Info: Found 2 design units, including 1 entities, in source file pll_vhd.vhd
    Info: Found design unit 1: pll_vhd-SYN
    Info: Found entity 1: pll_vhd
Info: Found 2 design units, including 1 entities, in source file top_level_vhd.vhd
    Info: Found design unit 1: top_level_vhd-behavioral
    Info: Found entity 1: top_level_vhd
Info: Found 2 design units, including 1 entities, in source file vga.vhd
    Info: Found design unit 1: vga-behavioral
    Info: Found entity 1: vga
Info: Found 2 design units, including 1 entities, in source file bcd.vhd
    Info: Found design unit 1: bcd-behavioral
    Info: Found entity 1: bcd
Info: Elaborating entity "top_level_vhd" for the top level hierarchy
Warning (10541): VHDL Signal Declaration warning at top_level_vhd.vhd(20): used implicit default value for signal "GPIO_0" because signal was never assigned a value or an explicit default value. Use of implicit default value may introduce unintended design optimizations.
Warning (10541): VHDL Signal Declaration warning at top_level_vhd.vhd(21): used implicit default value for signal "LEDR" because signal was never assigned a value or an explicit default value. Use of implicit default value may introduce unintended design optimizations.
Warning (10631): VHDL Process Statement warning at top_level_vhd.vhd(85): inferring latch(es) for signal or variable "poinBCD", which holds its previous value in one or more paths through the process
Info (10041): Inferred latch for "poinBCD[0]" at top_level_vhd.vhd(85)
Info (10041): Inferred latch for "poinBCD[1]" at top_level_vhd.vhd(85)
Info (10041): Inferred latch for "poinBCD[2]" at top_level_vhd.vhd(85)
Info (10041): Inferred latch for "poinBCD[3]" at top_level_vhd.vhd(85)
Info: Elaborating entity "display_vhd" for hierarchy "display_vhd:module_vga"
Warning (10541): VHDL Signal Declaration warning at display_vhd.vhd(19): used implicit default value for signal "VGA_CLK" because signal was never assigned a value or an explicit default value. Use of implicit default value may introduce unintended design optimizations.
Warning (10541): VHDL Signal Declaration warning at display_vhd.vhd(20): used implicit default value for signal "VGA_BLANK" because signal was never assigned a value or an explicit default value. Use of implicit default value may introduce unintended design optimizations.
Info: Elaborating entity "vga" for hierarchy "display_vhd:module_vga|vga:vga_driver0"
Info: Elaborating entity "color_rom_vhd" for hierarchy "display_vhd:module_vga|color_rom_vhd:color_rom0"
Warning (10541): VHDL Signal Declaration warning at color_rom_vhd.vhd(20): used implicit default value for signal "o_poin" because signal was never assigned a value or an explicit default value. Use of implicit default value may introduce unintended design optimizations.
Warning (10542): VHDL Variable Declaration warning at color_rom_vhd.vhd(46): used initial value expression for variable "KIRI_ALAS" because variable was never assigned a value
Warning (10542): VHDL Variable Declaration warning at color_rom_vhd.vhd(47): used initial value expression for variable "KANAN_ALAS" because variable was never assigned a value
Warning (10542): VHDL Variable Declaration warning at color_rom_vhd.vhd(55): used initial value expression for variable "ATAS_POIN" because variable was never assigned a value
Warning (10542): VHDL Variable Declaration warning at color_rom_vhd.vhd(56): used initial value expression for variable "BAWAH_POIN" because variable was never assigned a value
Warning (10542): VHDL Variable Declaration warning at color_rom_vhd.vhd(57): used initial value expression for variable "KIRI_POIN" because variable was never assigned a value
Info: Elaborating entity "bcd" for hierarchy "bcd:module_bcd"
Warning: LATCH primitive "poinBCD[1]" is permanently disabled
Warning: LATCH primitive "poinBCD[0]" is permanently disabled
Info: Inferred 1 megafunctions from design logic
    Info: Inferred divider/modulo megafunction ("lpm_divide") from the following logic: "display_vhd:module_vga|color_rom_vhd:color_rom0|Div0"
Info: Elaborated megafunction instantiation "display_vhd:module_vga|color_rom_vhd:color_rom0|lpm_divide:Div0"
Info: Instantiated megafunction "display_vhd:module_vga|color_rom_vhd:color_rom0|lpm_divide:Div0" with the following parameter:
    Info: Parameter "LPM_WIDTHN" = "32"
    Info: Parameter "LPM_WIDTHD" = "4"
    Info: Parameter "LPM_NREPRESENTATION" = "SIGNED"
    Info: Parameter "LPM_DREPRESENTATION" = "SIGNED"
    Info: Parameter "LPM_HINT" = "LPM_REMAINDERPOSITIVE=FALSE"
Info: Found 1 design units, including 1 entities, in source file db/lpm_divide_6so.tdf
    Info: Found entity 1: lpm_divide_6so
Info: Found 1 design units, including 1 entities, in source file db/abs_divider_jbg.tdf
    Info: Found entity 1: abs_divider_jbg
Info: Found 1 design units, including 1 entities, in source file db/alt_u_div_i2f.tdf
    Info: Found entity 1: alt_u_div_i2f
Info: Found 1 design units, including 1 entities, in source file db/add_sub_lkc.tdf
    Info: Found entity 1: add_sub_lkc
Info: Found 1 design units, including 1 entities, in source file db/add_sub_mkc.tdf
    Info: Found entity 1: add_sub_mkc
Info: Found 1 design units, including 1 entities, in source file db/lpm_abs_fq9.tdf
    Info: Found entity 1: lpm_abs_fq9
Info: Found 1 design units, including 1 entities, in source file db/lpm_abs_0s9.tdf
    Info: Found entity 1: lpm_abs_0s9
Warning: Output pins are stuck at VCC or GND
    Warning (13410): Pin "VGA_CLK" is stuck at GND
    Warning (13410): Pin "VGA_BLANK" is stuck at GND
    Warning (13410): Pin "GPIO_0[0]" is stuck at GND
    Warning (13410): Pin "GPIO_0[1]" is stuck at GND
    Warning (13410): Pin "GPIO_0[2]" is stuck at GND
    Warning (13410): Pin "GPIO_0[3]" is stuck at GND
    Warning (13410): Pin "GPIO_0[4]" is stuck at GND
    Warning (13410): Pin "GPIO_0[5]" is stuck at GND
    Warning (13410): Pin "GPIO_0[6]" is stuck at GND
    Warning (13410): Pin "GPIO_0[7]" is stuck at GND
    Warning (13410): Pin "GPIO_0[8]" is stuck at GND
    Warning (13410): Pin "GPIO_0[9]" is stuck at GND
    Warning (13410): Pin "GPIO_0[10]" is stuck at GND
    Warning (13410): Pin "GPIO_0[11]" is stuck at GND
    Warning (13410): Pin "GPIO_0[12]" is stuck at GND
    Warning (13410): Pin "GPIO_0[13]" is stuck at GND
    Warning (13410): Pin "GPIO_0[14]" is stuck at GND
    Warning (13410): Pin "GPIO_0[15]" is stuck at GND
    Warning (13410): Pin "GPIO_0[16]" is stuck at GND
    Warning (13410): Pin "GPIO_0[17]" is stuck at GND
    Warning (13410): Pin "GPIO_0[18]" is stuck at GND
    Warning (13410): Pin "GPIO_0[19]" is stuck at GND
    Warning (13410): Pin "GPIO_0[20]" is stuck at GND
    Warning (13410): Pin "GPIO_0[21]" is stuck at GND
    Warning (13410): Pin "GPIO_0[22]" is stuck at GND
    Warning (13410): Pin "GPIO_0[23]" is stuck at GND
    Warning (13410): Pin "GPIO_0[24]" is stuck at GND
    Warning (13410): Pin "GPIO_0[25]" is stuck at GND
    Warning (13410): Pin "GPIO_0[26]" is stuck at GND
    Warning (13410): Pin "GPIO_0[27]" is stuck at GND
    Warning (13410): Pin "GPIO_0[28]" is stuck at GND
    Warning (13410): Pin "GPIO_0[29]" is stuck at GND
    Warning (13410): Pin "GPIO_0[30]" is stuck at GND
    Warning (13410): Pin "GPIO_0[31]" is stuck at GND
    Warning (13410): Pin "GPIO_0[32]" is stuck at GND
    Warning (13410): Pin "GPIO_0[33]" is stuck at GND
    Warning (13410): Pin "GPIO_0[34]" is stuck at GND
    Warning (13410): Pin "GPIO_0[35]" is stuck at GND
    Warning (13410): Pin "LEDR[0]" is stuck at GND
    Warning (13410): Pin "LEDR[1]" is stuck at GND
    Warning (13410): Pin "LEDR[2]" is stuck at GND
    Warning (13410): Pin "LEDR[3]" is stuck at GND
    Warning (13410): Pin "LEDR[4]" is stuck at GND
    Warning (13410): Pin "LEDR[5]" is stuck at GND
    Warning (13410): Pin "LEDR[6]" is stuck at GND
    Warning (13410): Pin "LEDR[7]" is stuck at GND
    Warning (13410): Pin "LEDR[8]" is stuck at GND
    Warning (13410): Pin "LEDR[9]" is stuck at GND
    Warning (13410): Pin "HEX1[7]" is stuck at VCC
    Warning (13410): Pin "HEX1[6]" is stuck at GND
    Warning (13410): Pin "HEX1[5]" is stuck at GND
    Warning (13410): Pin "HEX1[4]" is stuck at VCC
    Warning (13410): Pin "HEX1[3]" is stuck at VCC
    Warning (13410): Pin "HEX1[2]" is stuck at VCC
    Warning (13410): Pin "HEX1[1]" is stuck at VCC
Info: 21 registers lost all their fanouts during netlist optimizations. The first 21 are displayed below.
    Info: Register "display_vhd:module_vga|color_rom_vhd:color_rom0|KANAN_RINTANGAN[11]" lost all its fanouts during netlist optimizations.
    Info: Register "display_vhd:module_vga|color_rom_vhd:color_rom0|KANAN_RINTANGAN[12]" lost all its fanouts during netlist optimizations.
    Info: Register "display_vhd:module_vga|color_rom_vhd:color_rom0|KANAN_RINTANGAN[13]" lost all its fanouts during netlist optimizations.
    Info: Register "display_vhd:module_vga|color_rom_vhd:color_rom0|KANAN_RINTANGAN[14]" lost all its fanouts during netlist optimizations.
    Info: Register "display_vhd:module_vga|color_rom_vhd:color_rom0|KANAN_RINTANGAN[15]" lost all its fanouts during netlist optimizations.
    Info: Register "display_vhd:module_vga|color_rom_vhd:color_rom0|KANAN_RINTANGAN[16]" lost all its fanouts during netlist optimizations.
    Info: Register "display_vhd:module_vga|color_rom_vhd:color_rom0|KANAN_RINTANGAN[17]" lost all its fanouts during netlist optimizations.
    Info: Register "display_vhd:module_vga|color_rom_vhd:color_rom0|KANAN_RINTANGAN[18]" lost all its fanouts during netlist optimizations.
    Info: Register "display_vhd:module_vga|color_rom_vhd:color_rom0|KANAN_RINTANGAN[19]" lost all its fanouts during netlist optimizations.
    Info: Register "display_vhd:module_vga|color_rom_vhd:color_rom0|KANAN_RINTANGAN[20]" lost all its fanouts during netlist optimizations.
    Info: Register "display_vhd:module_vga|color_rom_vhd:color_rom0|KANAN_RINTANGAN[21]" lost all its fanouts during netlist optimizations.
    Info: Register "display_vhd:module_vga|color_rom_vhd:color_rom0|KANAN_RINTANGAN[22]" lost all its fanouts during netlist optimizations.
    Info: Register "display_vhd:module_vga|color_rom_vhd:color_rom0|KANAN_RINTANGAN[23]" lost all its fanouts during netlist optimizations.
    Info: Register "display_vhd:module_vga|color_rom_vhd:color_rom0|KANAN_RINTANGAN[24]" lost all its fanouts during netlist optimizations.
    Info: Register "display_vhd:module_vga|color_rom_vhd:color_rom0|KANAN_RINTANGAN[25]" lost all its fanouts during netlist optimizations.
    Info: Register "display_vhd:module_vga|color_rom_vhd:color_rom0|KANAN_RINTANGAN[26]" lost all its fanouts during netlist optimizations.
    Info: Register "display_vhd:module_vga|color_rom_vhd:color_rom0|KANAN_RINTANGAN[27]" lost all its fanouts during netlist optimizations.
    Info: Register "display_vhd:module_vga|color_rom_vhd:color_rom0|KANAN_RINTANGAN[28]" lost all its fanouts during netlist optimizations.
    Info: Register "display_vhd:module_vga|color_rom_vhd:color_rom0|KANAN_RINTANGAN[29]" lost all its fanouts during netlist optimizations.
    Info: Register "display_vhd:module_vga|color_rom_vhd:color_rom0|KANAN_RINTANGAN[30]" lost all its fanouts during netlist optimizations.
    Info: Register "display_vhd:module_vga|color_rom_vhd:color_rom0|KANAN_RINTANGAN[31]" lost all its fanouts during netlist optimizations.
Warning: Design contains 10 input pin(s) that do not drive logic
    Warning (15610): No output dependent on input pin "SW[0]"
    Warning (15610): No output dependent on input pin "SW[1]"
    Warning (15610): No output dependent on input pin "SW[2]"
    Warning (15610): No output dependent on input pin "SW[3]"
    Warning (15610): No output dependent on input pin "SW[4]"
    Warning (15610): No output dependent on input pin "SW[5]"
    Warning (15610): No output dependent on input pin "SW[6]"
    Warning (15610): No output dependent on input pin "SW[7]"
    Warning (15610): No output dependent on input pin "SW[8]"
    Warning (15610): No output dependent on input pin "SW[9]"
Info: Implemented 1807 device resources after synthesis - the final resource count might be different
    Info: Implemented 14 input pins
    Info: Implemented 75 output pins
    Info: Implemented 1718 logic cells
Info: Quartus II Analysis & Synthesis was successful. 0 errors, 80 warnings
    Info: Peak virtual memory: 279 megabytes
    Info: Processing ended: Fri Nov 30 10:32:25 2018
    Info: Elapsed time: 00:00:09
    Info: Total CPU time (on all processors): 00:00:09


